<testsuites id="" name="" tests="2" failures="1" skipped="0" errors="0" time="73.936716">
<testsuite name="tests.spec.ts" timestamp="2024-05-27T21:16:21.493Z" hostname="chromium" tests="2" failures="1" skipped="0" time="70.264" errors="0">
<testcase name="test suit for testinng › verify total premium data" classname="tests.spec.ts" time="24.858">
</testcase>
<testcase name="test suit for testinng › verify number of sales data" classname="tests.spec.ts" time="45.406">
<failure message="tests.spec.ts:42:5 verify number of sales data" type="FAILURE">
<![CDATA[  [chromium] › tests.spec.ts:42:5 › test suit for testinng › verify number of sales data ───────────

    Error: Screenshot comparison failed:

      20 pixels (ratio 0.01 of all image pixels) are different.

    Expected: E:\projects\grace_test_task\tests\tests.spec.ts-snapshots\withData-chromium-win32.png
    Received: E:\projects\grace_test_task\test-results\tests-test-suit-for-testinng-verify-number-of-sales-data-chromium\withData-actual.png
        Diff: E:\projects\grace_test_task\test-results\tests-test-suit-for-testinng-verify-number-of-sales-data-chromium\withData-diff.png

    Call log:
      - page._expectScreenshot with timeout 15000ms
      -   verifying given screenshot expectation
      - waiting for locator('//div[contains(@id, \'sales\')]//canvas')
      -   locator resolved to <canvas width="812" height="400"></canvas>
      - taking element screenshot
      -   disabled all CSS animations
      - waiting for fonts to load...
      - fonts loaded
      - attempting scroll into view action
      -   waiting for element to be stable
      - 20 pixels (ratio 0.01 of all image pixels) are different.
      - waiting 100ms before taking screenshot
      - waiting for locator('//div[contains(@id, \'sales\')]//canvas')
      -   locator resolved to <canvas width="812" height="400"></canvas>
      - taking element screenshot
      -   disabled all CSS animations
      - waiting for fonts to load...
      - fonts loaded
      - attempting scroll into view action
      -   waiting for element to be stable
      - captured a stable screenshot
      - 20 pixels (ratio 0.01 of all image pixels) are different.


       at ..\pageObject\SalesPage.ts:57

      55 |
      56 |     async compareScreenshotSalesChart(shapshotName: string) {
    > 57 |         await expect(this.getChartSales()).toHaveScreenshot(shapshotName);
         |                                            ^
      58 |     }
      59 |
      60 |     async verifySelectedBrandFilter(item: string) {

        at SalesPage.compareScreenshotSalesChart (E:\projects\grace_test_task\pageObject\SalesPage.ts:57:44)
        at E:\projects\grace_test_task\tests\tests.spec.ts:63:19

    attachment #1: withData-expected.png (image/png) ───────────────────────────────────────────────
    tests\tests.spec.ts-snapshots\withData-chromium-win32.png
    ────────────────────────────────────────────────────────────────────────────────────────────────

    attachment #2: withData-actual.png (image/png) ─────────────────────────────────────────────────
    test-results\tests-test-suit-for-testinng-verify-number-of-sales-data-chromium\withData-actual.png
    ────────────────────────────────────────────────────────────────────────────────────────────────

    attachment #3: withData-diff.png (image/png) ───────────────────────────────────────────────────
    test-results\tests-test-suit-for-testinng-verify-number-of-sales-data-chromium\withData-diff.png
    ────────────────────────────────────────────────────────────────────────────────────────────────

    attachment #4: trace (application/zip) ─────────────────────────────────────────────────────────
    test-results\tests-test-suit-for-testinng-verify-number-of-sales-data-chromium\trace.zip
    Usage:

        npx playwright show-trace test-results\tests-test-suit-for-testinng-verify-number-of-sales-data-chromium\trace.zip

    ────────────────────────────────────────────────────────────────────────────────────────────────
]]>
</failure>
<system-out>
<![CDATA[
[[ATTACHMENT|tests\tests.spec.ts-snapshots\withData-chromium-win32.png]]

[[ATTACHMENT|test-results\tests-test-suit-for-testinng-verify-number-of-sales-data-chromium\withData-actual.png]]

[[ATTACHMENT|test-results\tests-test-suit-for-testinng-verify-number-of-sales-data-chromium\withData-diff.png]]

[[ATTACHMENT|test-results\tests-test-suit-for-testinng-verify-number-of-sales-data-chromium\trace.zip]]
]]>
</system-out>
</testcase>
</testsuite>
</testsuites>